[2026-03-13T12:34:06.646+08:00] Getting interface description
[2026-03-13T12:34:06.646+08:00] Interface description end
[2026-03-13T12:34:06.646+08:00] Uploading test info to server
[2026-03-13T12:34:06.646+08:00] UploadTestInfoToServer end
[2026-03-13T12:34:06.704+08:00] will get size
[2026-03-13T12:34:06.706+08:00] size: 1280x768 dpr: 1
[2026-03-13T12:34:09.687+08:00] Getting interface description
[2026-03-13T12:34:09.687+08:00] Interface description end
[2026-03-13T12:34:09.687+08:00] Uploading test info to server
[2026-03-13T12:34:09.687+08:00] UploadTestInfoToServer end
[2026-03-13T12:34:09.704+08:00] will get size
[2026-03-13T12:34:09.704+08:00] size: 1280x768 dpr: 1
[2026-03-13T12:34:10.380+08:00] Getting interface description
[2026-03-13T12:34:10.380+08:00] Interface description end
[2026-03-13T12:34:10.380+08:00] Uploading test info to server
[2026-03-13T12:34:10.380+08:00] UploadTestInfoToServer end
[2026-03-13T12:34:10.391+08:00] will get size
[2026-03-13T12:34:10.391+08:00] size: 1280x768 dpr: 1
[2026-03-13T12:34:12.570+08:00] Getting interface description
[2026-03-13T12:34:12.570+08:00] Interface description end
[2026-03-13T12:34:12.570+08:00] Uploading test info to server
[2026-03-13T12:34:12.570+08:00] UploadTestInfoToServer end
[2026-03-13T12:34:12.587+08:00] will get size
[2026-03-13T12:34:12.587+08:00] size: 1280x768 dpr: 1
[2026-03-13T12:34:13.211+08:00] Getting interface description
[2026-03-13T12:34:13.211+08:00] Interface description end
[2026-03-13T12:34:13.211+08:00] Uploading test info to server
[2026-03-13T12:34:13.211+08:00] UploadTestInfoToServer end
[2026-03-13T12:34:13.234+08:00] will get size
[2026-03-13T12:34:13.234+08:00] size: 1280x768 dpr: 1
[2026-03-13T12:34:14.732+08:00] Getting interface description
[2026-03-13T12:34:14.732+08:00] Interface description end
[2026-03-13T12:34:14.732+08:00] Uploading test info to server
[2026-03-13T12:34:14.732+08:00] UploadTestInfoToServer end
[2026-03-13T12:34:14.759+08:00] will get size
[2026-03-13T12:34:14.759+08:00] size: 1280x768 dpr: 1
[2026-03-13T12:34:14.863+08:00] Getting interface description
[2026-03-13T12:34:14.863+08:00] Interface description end
[2026-03-13T12:34:14.863+08:00] Uploading test info to server
[2026-03-13T12:34:14.863+08:00] UploadTestInfoToServer end
[2026-03-13T12:34:14.879+08:00] will get size
[2026-03-13T12:34:14.879+08:00] size: 1280x768 dpr: 1
[2026-03-13T12:34:15.732+08:00] Getting interface description
[2026-03-13T12:34:15.732+08:00] Interface description end
[2026-03-13T12:34:15.732+08:00] Uploading test info to server
[2026-03-13T12:34:15.732+08:00] UploadTestInfoToServer end
[2026-03-13T12:34:15.756+08:00] will get size
[2026-03-13T12:34:15.756+08:00] size: 1280x768 dpr: 1
[2026-03-13T12:34:17.323+08:00] Getting interface description
[2026-03-13T12:34:17.323+08:00] Interface description end
[2026-03-13T12:34:17.323+08:00] Uploading test info to server
[2026-03-13T12:34:17.323+08:00] UploadTestInfoToServer end
[2026-03-13T12:34:17.349+08:00] will get size
[2026-03-13T12:34:17.350+08:00] size: 1280x768 dpr: 1
[2026-03-13T12:34:17.442+08:00] Getting interface description
[2026-03-13T12:34:17.442+08:00] Interface description end
[2026-03-13T12:34:17.442+08:00] Uploading test info to server
[2026-03-13T12:34:17.442+08:00] UploadTestInfoToServer end
[2026-03-13T12:34:17.463+08:00] will get size
[2026-03-13T12:34:17.463+08:00] size: 1280x768 dpr: 1
[2026-03-13T12:34:18.599+08:00] Getting interface description
[2026-03-13T12:34:18.599+08:00] Interface description end
[2026-03-13T12:34:18.599+08:00] Uploading test info to server
[2026-03-13T12:34:18.599+08:00] UploadTestInfoToServer end
[2026-03-13T12:34:18.622+08:00] will get size
[2026-03-13T12:34:18.622+08:00] size: 1280x768 dpr: 1
[2026-03-13T12:34:19.996+08:00] Getting interface description
[2026-03-13T12:34:19.996+08:00] Interface description end
[2026-03-13T12:34:19.996+08:00] Uploading test info to server
[2026-03-13T12:34:19.996+08:00] UploadTestInfoToServer end
[2026-03-13T12:34:20.013+08:00] will get size
[2026-03-13T12:34:20.013+08:00] size: 1280x768 dpr: 1
[2026-03-13T12:34:20.114+08:00] Getting interface description
[2026-03-13T12:34:20.114+08:00] Interface description end
[2026-03-13T12:34:20.114+08:00] Uploading test info to server
[2026-03-13T12:34:20.114+08:00] UploadTestInfoToServer end
[2026-03-13T12:34:20.130+08:00] will get size
[2026-03-13T12:34:20.130+08:00] size: 1280x768 dpr: 1
[2026-03-13T12:34:21.075+08:00] Getting interface description
[2026-03-13T12:34:21.075+08:00] Interface description end
[2026-03-13T12:34:21.075+08:00] Uploading test info to server
[2026-03-13T12:34:21.075+08:00] UploadTestInfoToServer end
[2026-03-13T12:34:21.097+08:00] will get size
[2026-03-13T12:34:21.097+08:00] size: 1280x768 dpr: 1
[2026-03-13T12:34:21.988+08:00] Getting interface description
[2026-03-13T12:34:21.988+08:00] Interface description end
[2026-03-13T12:34:21.988+08:00] Uploading test info to server
[2026-03-13T12:34:21.988+08:00] UploadTestInfoToServer end
[2026-03-13T12:34:22.213+08:00] will get size
[2026-03-13T12:34:22.213+08:00] size: 1280x768 dpr: 1
[2026-03-13T12:34:23.336+08:00] Getting interface description
[2026-03-13T12:34:23.336+08:00] Interface description end
[2026-03-13T12:34:23.336+08:00] Uploading test info to server
[2026-03-13T12:34:23.336+08:00] UploadTestInfoToServer end
[2026-03-13T12:34:23.356+08:00] will get size
[2026-03-13T12:34:23.356+08:00] size: 1280x768 dpr: 1
[2026-03-13T14:12:13.058+08:00] Getting interface description
[2026-03-13T14:12:13.059+08:00] Interface description end
[2026-03-13T14:12:13.059+08:00] Uploading test info to server
[2026-03-13T14:12:13.059+08:00] UploadTestInfoToServer end
[2026-03-13T14:12:13.113+08:00] will get size
[2026-03-13T14:12:13.115+08:00] size: 1280x768 dpr: 1
[2026-03-13T14:12:17.044+08:00] Getting interface description
[2026-03-13T14:12:17.044+08:00] Interface description end
[2026-03-13T14:12:17.044+08:00] Uploading test info to server
[2026-03-13T14:12:17.044+08:00] UploadTestInfoToServer end
[2026-03-13T14:12:17.068+08:00] will get size
[2026-03-13T14:12:17.068+08:00] size: 1280x768 dpr: 1
[2026-03-13T14:12:17.813+08:00] Getting interface description
[2026-03-13T14:12:17.813+08:00] Interface description end
[2026-03-13T14:12:17.813+08:00] Uploading test info to server
[2026-03-13T14:12:17.813+08:00] UploadTestInfoToServer end
[2026-03-13T14:12:17.828+08:00] will get size
[2026-03-13T14:12:17.829+08:00] size: 1280x768 dpr: 1
